c:\users\user\source\repos\personaltable\personaltable\debug\vc142.pdb
c:\users\user\source\repos\personaltable\personaltable\debug\vc142.idb
c:\users\user\source\repos\personaltable\personaltable\debug\ttable.obj
c:\users\user\source\repos\personaltable\personaltable\debug\personaltable.obj
c:\users\user\source\repos\personaltable\personaltable\debug\ttreetable.obj
c:\users\user\source\repos\personaltable\personaltable\debug\tsorttable.obj
c:\users\user\source\repos\personaltable\personaltable\debug\tscantable.obj
c:\users\user\source\repos\personaltable\personaltable\debug\tlisthash.obj
c:\users\user\source\repos\personaltable\personaltable\debug\thashtable.obj
c:\users\user\source\repos\personaltable\personaltable\debug\tarrayhash.obj
c:\users\user\source\repos\personaltable\personaltable\debug\tbaltreetable.obj
c:\users\user\source\repos\personaltable\personaltable\debug\tarraytable.obj
c:\users\user\source\repos\personaltable\debug\personaltable.exe
c:\users\user\source\repos\personaltable\personaltable\debug\personaltable.ilk
c:\users\user\source\repos\personaltable\debug\personaltable.pdb
c:\users\user\source\repos\personaltable\personaltable\debug\personaltable.tlog\cl.command.1.tlog
c:\users\user\source\repos\personaltable\personaltable\debug\personaltable.tlog\cl.read.1.tlog
c:\users\user\source\repos\personaltable\personaltable\debug\personaltable.tlog\cl.write.1.tlog
c:\users\user\source\repos\personaltable\personaltable\debug\personaltable.tlog\link.command.1.tlog
c:\users\user\source\repos\personaltable\personaltable\debug\personaltable.tlog\link.read.1.tlog
c:\users\user\source\repos\personaltable\personaltable\debug\personaltable.tlog\link.write.1.tlog
